<?xml version="1.0" encoding="UTF-8"?>
<!-- Generated by org.testng.reporters.JUnitReportReporter -->
<testsuite hostname="DESKTOP-PVC0A1F" failures="0" tests="4" name="TestCase.TestCase" time="11.691" errors="0" timestamp="12 Sep 2022 05:32:27 GMT" skipped="0">
  <testcase classname="TestCase.TestCase" name="searchHotel" time="2.413"/>
  <testcase classname="TestCase.TestCase" name="selectHotel" time="0.885"/>
  <testcase classname="TestCase.TestCase" name="bookAHotel" time="1.286"/>
  <testcase classname="TestCase.TestCase" name="printOrderNo" time="7.107"/>
</testsuite> <!-- TestCase.TestCase -->
